<?xml version="1.0" encoding="UTF-8"?>
<coverage generated="1696157658752" clover="3.2.0">
  <project timestamp="1696157658753" name="All files">
    <metrics statements="35" coveredstatements="35" conditionals="12" coveredconditionals="12" methods="5" coveredmethods="5" elements="52" coveredelements="52" complexity="0" loc="35" ncloc="35" packages="1" files="2" classes="2"/>
    <file name="app.js" path="C:\Users\we\Desktop\ajs-hw-oop-game\src\js\app.js">
      <metrics statements="8" coveredstatements="8" conditionals="0" coveredconditionals="0" methods="0" coveredmethods="0"/>
      <line num="25" count="1" type="stmt"/>
      <line num="26" count="1" type="stmt"/>
      <line num="27" count="1" type="stmt"/>
      <line num="28" count="1" type="stmt"/>
      <line num="29" count="1" type="stmt"/>
      <line num="30" count="1" type="stmt"/>
      <line num="32" count="1" type="stmt"/>
      <line num="33" count="1" type="stmt"/>
    </file>
    <file name="basic.js" path="C:\Users\we\Desktop\ajs-hw-oop-game\src\js\basic.js">
      <metrics statements="27" coveredstatements="27" conditionals="12" coveredconditionals="12" methods="5" coveredmethods="5"/>
      <line num="7" count="22" type="cond" truecount="4" falsecount="0"/>
      <line num="8" count="21" type="stmt"/>
      <line num="12" count="126" type="stmt"/>
      <line num="13" count="126" type="stmt"/>
      <line num="14" count="126" type="stmt"/>
      <line num="18" count="21" type="stmt"/>
      <line num="19" count="21" type="stmt"/>
      <line num="20" count="21" type="stmt"/>
      <line num="21" count="21" type="stmt"/>
      <line num="22" count="21" type="stmt"/>
      <line num="23" count="21" type="stmt"/>
      <line num="24" count="21" type="stmt"/>
      <line num="26" count="56" type="stmt"/>
      <line num="27" count="21" type="cond" truecount="2" falsecount="0"/>
      <line num="29" count="20" type="stmt"/>
      <line num="30" count="20" type="stmt"/>
      <line num="31" count="20" type="stmt"/>
      <line num="34" count="20" type="stmt"/>
      <line num="35" count="20" type="stmt"/>
      <line num="39" count="2" type="cond" truecount="2" falsecount="0"/>
      <line num="41" count="1" type="stmt"/>
      <line num="42" count="1" type="stmt"/>
      <line num="43" count="1" type="stmt"/>
      <line num="44" count="1" type="stmt"/>
      <line num="49" count="3" type="cond" truecount="2" falsecount="0"/>
      <line num="50" count="2" type="stmt"/>
      <line num="51" count="2" type="cond" truecount="2" falsecount="0"/>
    </file>
  </project>
</coverage>
