<?xml version="1.0" encoding="UTF-8"?>
<coverage generated="1696363032390" clover="3.2.0">
  <project timestamp="1696363032390" name="All files">
    <metrics statements="37" coveredstatements="37" conditionals="32" coveredconditionals="31" methods="9" coveredmethods="9" elements="78" coveredelements="77" complexity="0" loc="37" ncloc="37" packages="1" files="7" classes="7"/>
    <file name="Bowerman.js" path="C:\Users\we\Desktop\ajs-hw-oop-game\src\js\Bowerman.js">
      <metrics statements="3" coveredstatements="3" conditionals="3" coveredconditionals="3" methods="1" coveredmethods="1"/>
      <line num="5" count="3" type="stmt"/>
      <line num="6" count="1" type="stmt"/>
      <line num="7" count="1" type="stmt"/>
    </file>
    <file name="Daemon.js" path="C:\Users\we\Desktop\ajs-hw-oop-game\src\js\Daemon.js">
      <metrics statements="3" coveredstatements="3" conditionals="3" coveredconditionals="3" methods="1" coveredmethods="1"/>
      <line num="5" count="3" type="stmt"/>
      <line num="6" count="1" type="stmt"/>
      <line num="7" count="1" type="stmt"/>
    </file>
    <file name="Magician.js" path="C:\Users\we\Desktop\ajs-hw-oop-game\src\js\Magician.js">
      <metrics statements="3" coveredstatements="3" conditionals="3" coveredconditionals="3" methods="1" coveredmethods="1"/>
      <line num="5" count="3" type="stmt"/>
      <line num="6" count="1" type="stmt"/>
      <line num="7" count="1" type="stmt"/>
    </file>
    <file name="Swordsman.js" path="C:\Users\we\Desktop\ajs-hw-oop-game\src\js\Swordsman.js">
      <metrics statements="3" coveredstatements="3" conditionals="3" coveredconditionals="3" methods="1" coveredmethods="1"/>
      <line num="5" count="3" type="stmt"/>
      <line num="6" count="1" type="stmt"/>
      <line num="7" count="1" type="stmt"/>
    </file>
    <file name="Undead.js" path="C:\Users\we\Desktop\ajs-hw-oop-game\src\js\Undead.js">
      <metrics statements="3" coveredstatements="3" conditionals="3" coveredconditionals="3" methods="1" coveredmethods="1"/>
      <line num="5" count="3" type="stmt"/>
      <line num="6" count="1" type="stmt"/>
      <line num="7" count="1" type="stmt"/>
    </file>
    <file name="Zombie.js" path="C:\Users\we\Desktop\ajs-hw-oop-game\src\js\Zombie.js">
      <metrics statements="3" coveredstatements="3" conditionals="3" coveredconditionals="3" methods="1" coveredmethods="1"/>
      <line num="5" count="3" type="stmt"/>
      <line num="6" count="1" type="stmt"/>
      <line num="7" count="1" type="stmt"/>
    </file>
    <file name="character.js" path="C:\Users\we\Desktop\ajs-hw-oop-game\src\js\character.js">
      <metrics statements="19" coveredstatements="19" conditionals="14" coveredconditionals="13" methods="3" coveredmethods="3"/>
      <line num="3" count="25" type="stmt"/>
      <line num="5" count="25" type="cond" truecount="4" falsecount="0"/>
      <line num="6" count="7" type="stmt"/>
      <line num="8" count="18" type="stmt"/>
      <line num="11" count="18" type="cond" truecount="2" falsecount="0"/>
      <line num="12" count="7" type="stmt"/>
      <line num="14" count="11" type="stmt"/>
      <line num="15" count="11" type="stmt"/>
      <line num="16" count="11" type="stmt"/>
      <line num="17" count="11" type="stmt"/>
      <line num="18" count="11" type="stmt"/>
      <line num="23" count="2" type="cond" truecount="2" falsecount="0"/>
      <line num="25" count="1" type="stmt"/>
      <line num="26" count="1" type="stmt"/>
      <line num="27" count="1" type="stmt"/>
      <line num="28" count="1" type="stmt"/>
      <line num="33" count="2" type="cond" truecount="1" falsecount="1"/>
      <line num="34" count="2" type="stmt"/>
      <line num="35" count="2" type="cond" truecount="2" falsecount="0"/>
    </file>
  </project>
</coverage>
