{"C:\\Users\\we\\Desktop\\ajs-hw-oop-game\\src\\js\\Bowerman.js": {"path":"C:\\Users\\we\\Desktop\\ajs-hw-oop-game\\src\\js\\Bowerman.js","statementMap":{"0":{"start":{"line":5,"column":8},"end":{"line":5,"column":26}},"1":{"start":{"line":6,"column":8},"end":{"line":6,"column":29}},"2":{"start":{"line":7,"column":8},"end":{"line":7,"column":31}}},"fnMap":{"0":{"name":"(anonymous_0)","decl":{"start":{"line":4,"column":4},"end":{"line":4,"column":5}},"loc":{"start":{"line":4,"column":68},"end":{"line":8,"column":5}},"line":4}},"branchMap":{"0":{"loc":{"start":{"line":4,"column":22},"end":{"line":4,"column":39}},"type":"default-arg","locations":[{"start":{"line":4,"column":29},"end":{"line":4,"column":39}}],"line":4},"1":{"loc":{"start":{"line":4,"column":41},"end":{"line":4,"column":52}},"type":"default-arg","locations":[{"start":{"line":4,"column":50},"end":{"line":4,"column":52}}],"line":4},"2":{"loc":{"start":{"line":4,"column":54},"end":{"line":4,"column":66}},"type":"default-arg","locations":[{"start":{"line":4,"column":64},"end":{"line":4,"column":66}}],"line":4}},"s":{"0":3,"1":1,"2":1},"f":{"0":3},"b":{"0":[2],"1":[3],"2":[3]},"_coverageSchema":"1a1c01bbd47fc00a2c39e90264f33305004495a9","hash":"fcb6921ef94d0c0edcfea31058b3f6568030b3ae"}
,"C:\\Users\\we\\Desktop\\ajs-hw-oop-game\\src\\js\\Daemon.js": {"path":"C:\\Users\\we\\Desktop\\ajs-hw-oop-game\\src\\js\\Daemon.js","statementMap":{"0":{"start":{"line":5,"column":8},"end":{"line":5,"column":26}},"1":{"start":{"line":6,"column":8},"end":{"line":6,"column":29}},"2":{"start":{"line":7,"column":8},"end":{"line":7,"column":31}}},"fnMap":{"0":{"name":"(anonymous_0)","decl":{"start":{"line":4,"column":4},"end":{"line":4,"column":5}},"loc":{"start":{"line":4,"column":66},"end":{"line":8,"column":5}},"line":4}},"branchMap":{"0":{"loc":{"start":{"line":4,"column":22},"end":{"line":4,"column":37}},"type":"default-arg","locations":[{"start":{"line":4,"column":29},"end":{"line":4,"column":37}}],"line":4},"1":{"loc":{"start":{"line":4,"column":39},"end":{"line":4,"column":50}},"type":"default-arg","locations":[{"start":{"line":4,"column":48},"end":{"line":4,"column":50}}],"line":4},"2":{"loc":{"start":{"line":4,"column":52},"end":{"line":4,"column":64}},"type":"default-arg","locations":[{"start":{"line":4,"column":62},"end":{"line":4,"column":64}}],"line":4}},"s":{"0":3,"1":1,"2":1},"f":{"0":3},"b":{"0":[2],"1":[3],"2":[3]},"_coverageSchema":"1a1c01bbd47fc00a2c39e90264f33305004495a9","hash":"71406423d58315f51d7d84141adc2404b74c46a9"}
,"C:\\Users\\we\\Desktop\\ajs-hw-oop-game\\src\\js\\Magician.js": {"path":"C:\\Users\\we\\Desktop\\ajs-hw-oop-game\\src\\js\\Magician.js","statementMap":{"0":{"start":{"line":5,"column":8},"end":{"line":5,"column":26}},"1":{"start":{"line":6,"column":8},"end":{"line":6,"column":29}},"2":{"start":{"line":7,"column":8},"end":{"line":7,"column":31}}},"fnMap":{"0":{"name":"(anonymous_0)","decl":{"start":{"line":4,"column":4},"end":{"line":4,"column":5}},"loc":{"start":{"line":4,"column":68},"end":{"line":8,"column":5}},"line":4}},"branchMap":{"0":{"loc":{"start":{"line":4,"column":22},"end":{"line":4,"column":39}},"type":"default-arg","locations":[{"start":{"line":4,"column":29},"end":{"line":4,"column":39}}],"line":4},"1":{"loc":{"start":{"line":4,"column":41},"end":{"line":4,"column":52}},"type":"default-arg","locations":[{"start":{"line":4,"column":50},"end":{"line":4,"column":52}}],"line":4},"2":{"loc":{"start":{"line":4,"column":54},"end":{"line":4,"column":66}},"type":"default-arg","locations":[{"start":{"line":4,"column":64},"end":{"line":4,"column":66}}],"line":4}},"s":{"0":3,"1":1,"2":1},"f":{"0":3},"b":{"0":[2],"1":[3],"2":[3]},"_coverageSchema":"1a1c01bbd47fc00a2c39e90264f33305004495a9","hash":"041975534482513154dc6e854dee1da7ef512ef6"}
,"C:\\Users\\we\\Desktop\\ajs-hw-oop-game\\src\\js\\Swordsman.js": {"path":"C:\\Users\\we\\Desktop\\ajs-hw-oop-game\\src\\js\\Swordsman.js","statementMap":{"0":{"start":{"line":5,"column":8},"end":{"line":5,"column":26}},"1":{"start":{"line":6,"column":8},"end":{"line":6,"column":29}},"2":{"start":{"line":7,"column":8},"end":{"line":7,"column":31}}},"fnMap":{"0":{"name":"(anonymous_0)","decl":{"start":{"line":4,"column":4},"end":{"line":4,"column":5}},"loc":{"start":{"line":4,"column":69},"end":{"line":8,"column":5}},"line":4}},"branchMap":{"0":{"loc":{"start":{"line":4,"column":22},"end":{"line":4,"column":40}},"type":"default-arg","locations":[{"start":{"line":4,"column":29},"end":{"line":4,"column":40}}],"line":4},"1":{"loc":{"start":{"line":4,"column":42},"end":{"line":4,"column":53}},"type":"default-arg","locations":[{"start":{"line":4,"column":51},"end":{"line":4,"column":53}}],"line":4},"2":{"loc":{"start":{"line":4,"column":55},"end":{"line":4,"column":67}},"type":"default-arg","locations":[{"start":{"line":4,"column":65},"end":{"line":4,"column":67}}],"line":4}},"s":{"0":3,"1":1,"2":1},"f":{"0":3},"b":{"0":[2],"1":[3],"2":[3]},"_coverageSchema":"1a1c01bbd47fc00a2c39e90264f33305004495a9","hash":"c1df61b1b5dd9c36fdcea9dc233b51a2edc401fe"}
,"C:\\Users\\we\\Desktop\\ajs-hw-oop-game\\src\\js\\Undead.js": {"path":"C:\\Users\\we\\Desktop\\ajs-hw-oop-game\\src\\js\\Undead.js","statementMap":{"0":{"start":{"line":5,"column":8},"end":{"line":5,"column":26}},"1":{"start":{"line":6,"column":8},"end":{"line":6,"column":29}},"2":{"start":{"line":7,"column":8},"end":{"line":7,"column":31}}},"fnMap":{"0":{"name":"(anonymous_0)","decl":{"start":{"line":4,"column":4},"end":{"line":4,"column":5}},"loc":{"start":{"line":4,"column":66},"end":{"line":8,"column":5}},"line":4}},"branchMap":{"0":{"loc":{"start":{"line":4,"column":22},"end":{"line":4,"column":37}},"type":"default-arg","locations":[{"start":{"line":4,"column":29},"end":{"line":4,"column":37}}],"line":4},"1":{"loc":{"start":{"line":4,"column":39},"end":{"line":4,"column":50}},"type":"default-arg","locations":[{"start":{"line":4,"column":48},"end":{"line":4,"column":50}}],"line":4},"2":{"loc":{"start":{"line":4,"column":52},"end":{"line":4,"column":64}},"type":"default-arg","locations":[{"start":{"line":4,"column":62},"end":{"line":4,"column":64}}],"line":4}},"s":{"0":3,"1":1,"2":1},"f":{"0":3},"b":{"0":[2],"1":[3],"2":[3]},"_coverageSchema":"1a1c01bbd47fc00a2c39e90264f33305004495a9","hash":"64be81b17c064a0af1857547d2b3f9eabdd97288"}
,"C:\\Users\\we\\Desktop\\ajs-hw-oop-game\\src\\js\\Zombie.js": {"path":"C:\\Users\\we\\Desktop\\ajs-hw-oop-game\\src\\js\\Zombie.js","statementMap":{"0":{"start":{"line":5,"column":8},"end":{"line":5,"column":26}},"1":{"start":{"line":6,"column":8},"end":{"line":6,"column":29}},"2":{"start":{"line":7,"column":8},"end":{"line":7,"column":31}}},"fnMap":{"0":{"name":"(anonymous_0)","decl":{"start":{"line":4,"column":4},"end":{"line":4,"column":5}},"loc":{"start":{"line":4,"column":66},"end":{"line":8,"column":5}},"line":4}},"branchMap":{"0":{"loc":{"start":{"line":4,"column":22},"end":{"line":4,"column":37}},"type":"default-arg","locations":[{"start":{"line":4,"column":29},"end":{"line":4,"column":37}}],"line":4},"1":{"loc":{"start":{"line":4,"column":39},"end":{"line":4,"column":50}},"type":"default-arg","locations":[{"start":{"line":4,"column":48},"end":{"line":4,"column":50}}],"line":4},"2":{"loc":{"start":{"line":4,"column":52},"end":{"line":4,"column":64}},"type":"default-arg","locations":[{"start":{"line":4,"column":62},"end":{"line":4,"column":64}}],"line":4}},"s":{"0":3,"1":1,"2":1},"f":{"0":3},"b":{"0":[2],"1":[3],"2":[3]},"_coverageSchema":"1a1c01bbd47fc00a2c39e90264f33305004495a9","hash":"da09d41b34f3767e65c8e6d047103bb78a79c8fd"}
,"C:\\Users\\we\\Desktop\\ajs-hw-oop-game\\src\\js\\character.js": {"path":"C:\\Users\\we\\Desktop\\ajs-hw-oop-game\\src\\js\\character.js","statementMap":{"0":{"start":{"line":3,"column":22},"end":{"line":3,"column":89}},"1":{"start":{"line":5,"column":8},"end":{"line":9,"column":9}},"2":{"start":{"line":6,"column":12},"end":{"line":6,"column":100}},"3":{"start":{"line":8,"column":12},"end":{"line":8,"column":29}},"4":{"start":{"line":11,"column":8},"end":{"line":19,"column":9}},"5":{"start":{"line":12,"column":12},"end":{"line":12,"column":57}},"6":{"start":{"line":14,"column":12},"end":{"line":14,"column":29}},"7":{"start":{"line":15,"column":12},"end":{"line":15,"column":33}},"8":{"start":{"line":16,"column":12},"end":{"line":16,"column":31}},"9":{"start":{"line":17,"column":12},"end":{"line":17,"column":33}},"10":{"start":{"line":18,"column":12},"end":{"line":18,"column":35}},"11":{"start":{"line":23,"column":8},"end":{"line":29,"column":9}},"12":{"start":{"line":23,"column":31},"end":{"line":23,"column":91}},"13":{"start":{"line":25,"column":10},"end":{"line":25,"column":26}},"14":{"start":{"line":26,"column":10},"end":{"line":26,"column":28}},"15":{"start":{"line":27,"column":10},"end":{"line":27,"column":43}},"16":{"start":{"line":28,"column":10},"end":{"line":28,"column":45}},"17":{"start":{"line":33,"column":8},"end":{"line":36,"column":9}},"18":{"start":{"line":34,"column":10},"end":{"line":34,"column":59}},"19":{"start":{"line":35,"column":10},"end":{"line":35,"column":47}},"20":{"start":{"line":35,"column":31},"end":{"line":35,"column":47}}},"fnMap":{"0":{"name":"(anonymous_0)","decl":{"start":{"line":2,"column":4},"end":{"line":2,"column":5}},"loc":{"start":{"line":2,"column":71},"end":{"line":20,"column":5}},"line":2},"1":{"name":"(anonymous_1)","decl":{"start":{"line":22,"column":4},"end":{"line":22,"column":5}},"loc":{"start":{"line":22,"column":14},"end":{"line":30,"column":5}},"line":22},"2":{"name":"(anonymous_2)","decl":{"start":{"line":32,"column":4},"end":{"line":32,"column":5}},"loc":{"start":{"line":32,"column":19},"end":{"line":37,"column":5}},"line":32}},"branchMap":{"0":{"loc":{"start":{"line":2,"column":46},"end":{"line":2,"column":58}},"type":"default-arg","locations":[{"start":{"line":2,"column":55},"end":{"line":2,"column":58}}],"line":2},"1":{"loc":{"start":{"line":2,"column":60},"end":{"line":2,"column":69}},"type":"default-arg","locations":[{"start":{"line":2,"column":68},"end":{"line":2,"column":69}}],"line":2},"2":{"loc":{"start":{"line":5,"column":8},"end":{"line":9,"column":9}},"type":"if","locations":[{"start":{"line":5,"column":8},"end":{"line":9,"column":9}},{"start":{"line":7,"column":15},"end":{"line":9,"column":9}}],"line":5},"3":{"loc":{"start":{"line":5,"column":11},"end":{"line":5,"column":46}},"type":"binary-expr","locations":[{"start":{"line":5,"column":11},"end":{"line":5,"column":26}},{"start":{"line":5,"column":30},"end":{"line":5,"column":46}}],"line":5},"4":{"loc":{"start":{"line":11,"column":8},"end":{"line":19,"column":9}},"type":"if","locations":[{"start":{"line":11,"column":8},"end":{"line":19,"column":9}},{"start":{"line":13,"column":15},"end":{"line":19,"column":9}}],"line":11},"5":{"loc":{"start":{"line":23,"column":8},"end":{"line":29,"column":9}},"type":"if","locations":[{"start":{"line":23,"column":8},"end":{"line":29,"column":9}},{"start":{"line":24,"column":13},"end":{"line":29,"column":9}}],"line":23},"6":{"loc":{"start":{"line":33,"column":8},"end":{"line":36,"column":9}},"type":"if","locations":[{"start":{"line":33,"column":8},"end":{"line":36,"column":9}},{"start":{},"end":{}}],"line":33},"7":{"loc":{"start":{"line":35,"column":10},"end":{"line":35,"column":47}},"type":"if","locations":[{"start":{"line":35,"column":10},"end":{"line":35,"column":47}},{"start":{},"end":{}}],"line":35}},"s":{"0":25,"1":25,"2":7,"3":18,"4":18,"5":7,"6":11,"7":11,"8":11,"9":11,"10":11,"11":2,"12":1,"13":1,"14":1,"15":1,"16":1,"17":2,"18":2,"19":2,"20":1},"f":{"0":25,"1":2,"2":2},"b":{"0":[25],"1":[25],"2":[7,18],"3":[25,25],"4":[7,11],"5":[1,1],"6":[2,0],"7":[1,1]},"_coverageSchema":"1a1c01bbd47fc00a2c39e90264f33305004495a9","hash":"96868277d13ddbd959e5a642bcf757edf5abbfc6"}
}
