{"C:\\Users\\we\\Desktop\\ajs-hw-oop-game\\src\\js\\app.js": {"path":"C:\\Users\\we\\Desktop\\ajs-hw-oop-game\\src\\js\\app.js","statementMap":{"0":{"start":{"line":25,"column":17},"end":{"line":25,"column":52}},"1":{"start":{"line":26,"column":18},"end":{"line":26,"column":58}},"2":{"start":{"line":27,"column":17},"end":{"line":27,"column":53}},"3":{"start":{"line":28,"column":15},"end":{"line":28,"column":45}},"4":{"start":{"line":29,"column":15},"end":{"line":29,"column":45}},"5":{"start":{"line":30,"column":15},"end":{"line":30,"column":45}},"6":{"start":{"line":32,"column":0},"end":{"line":32,"column":33}},"7":{"start":{"line":33,"column":0},"end":{"line":33,"column":38}}},"fnMap":{},"branchMap":{},"s":{"0":1,"1":1,"2":1,"3":1,"4":1,"5":1,"6":1,"7":1},"f":{},"b":{},"_coverageSchema":"1a1c01bbd47fc00a2c39e90264f33305004495a9","hash":"55d10f6b4952b8bef33d3c827406f9d76179431b"}
,"C:\\Users\\we\\Desktop\\ajs-hw-oop-game\\src\\js\\basic.js": {"path":"C:\\Users\\we\\Desktop\\ajs-hw-oop-game\\src\\js\\basic.js","statementMap":{"0":{"start":{"line":7,"column":8},"end":{"line":8,"column":30}},"1":{"start":{"line":7,"column":48},"end":{"line":7,"column":136}},"2":{"start":{"line":8,"column":13},"end":{"line":8,"column":30}},"3":{"start":{"line":12,"column":16},"end":{"line":12,"column":51}},"4":{"start":{"line":13,"column":16},"end":{"line":13,"column":35}},"5":{"start":{"line":14,"column":16},"end":{"line":14,"column":39}},"6":{"start":{"line":18,"column":31},"end":{"line":18,"column":33}},"7":{"start":{"line":19,"column":8},"end":{"line":19,"column":67}},"8":{"start":{"line":20,"column":8},"end":{"line":20,"column":68}},"9":{"start":{"line":21,"column":8},"end":{"line":21,"column":67}},"10":{"start":{"line":22,"column":8},"end":{"line":22,"column":65}},"11":{"start":{"line":23,"column":8},"end":{"line":23,"column":65}},"12":{"start":{"line":24,"column":8},"end":{"line":24,"column":65}},"13":{"start":{"line":26,"column":30},"end":{"line":26,"column":84}},"14":{"start":{"line":26,"column":58},"end":{"line":26,"column":83}},"15":{"start":{"line":27,"column":8},"end":{"line":32,"column":9}},"16":{"start":{"line":27,"column":27},"end":{"line":27,"column":69}},"17":{"start":{"line":29,"column":12},"end":{"line":29,"column":29}},"18":{"start":{"line":30,"column":12},"end":{"line":30,"column":45}},"19":{"start":{"line":31,"column":12},"end":{"line":31,"column":49}},"20":{"start":{"line":34,"column":8},"end":{"line":34,"column":26}},"21":{"start":{"line":35,"column":8},"end":{"line":35,"column":23}},"22":{"start":{"line":39,"column":8},"end":{"line":45,"column":9}},"23":{"start":{"line":39,"column":31},"end":{"line":39,"column":91}},"24":{"start":{"line":41,"column":10},"end":{"line":41,"column":26}},"25":{"start":{"line":42,"column":10},"end":{"line":42,"column":28}},"26":{"start":{"line":43,"column":10},"end":{"line":43,"column":43}},"27":{"start":{"line":44,"column":10},"end":{"line":44,"column":45}},"28":{"start":{"line":49,"column":8},"end":{"line":52,"column":9}},"29":{"start":{"line":50,"column":10},"end":{"line":50,"column":59}},"30":{"start":{"line":51,"column":10},"end":{"line":51,"column":47}},"31":{"start":{"line":51,"column":31},"end":{"line":51,"column":47}}},"fnMap":{"0":{"name":"(anonymous_0)","decl":{"start":{"line":6,"column":4},"end":{"line":6,"column":5}},"loc":{"start":{"line":6,"column":29},"end":{"line":36,"column":5}},"line":6},"1":{"name":"(anonymous_1)","decl":{"start":{"line":11,"column":12},"end":{"line":11,"column":13}},"loc":{"start":{"line":11,"column":55},"end":{"line":15,"column":13}},"line":11},"2":{"name":"(anonymous_2)","decl":{"start":{"line":26,"column":50},"end":{"line":26,"column":51}},"loc":{"start":{"line":26,"column":58},"end":{"line":26,"column":83}},"line":26},"3":{"name":"(anonymous_3)","decl":{"start":{"line":38,"column":4},"end":{"line":38,"column":5}},"loc":{"start":{"line":38,"column":14},"end":{"line":46,"column":5}},"line":38},"4":{"name":"(anonymous_4)","decl":{"start":{"line":48,"column":4},"end":{"line":48,"column":5}},"loc":{"start":{"line":48,"column":19},"end":{"line":53,"column":5}},"line":48}},"branchMap":{"0":{"loc":{"start":{"line":7,"column":8},"end":{"line":8,"column":30}},"type":"if","locations":[{"start":{"line":7,"column":8},"end":{"line":8,"column":30}},{"start":{"line":8,"column":13},"end":{"line":8,"column":30}}],"line":7},"1":{"loc":{"start":{"line":7,"column":11},"end":{"line":7,"column":46}},"type":"binary-expr","locations":[{"start":{"line":7,"column":11},"end":{"line":7,"column":26}},{"start":{"line":7,"column":30},"end":{"line":7,"column":46}}],"line":7},"2":{"loc":{"start":{"line":27,"column":8},"end":{"line":32,"column":9}},"type":"if","locations":[{"start":{"line":27,"column":8},"end":{"line":32,"column":9}},{"start":{"line":28,"column":13},"end":{"line":32,"column":9}}],"line":27},"3":{"loc":{"start":{"line":39,"column":8},"end":{"line":45,"column":9}},"type":"if","locations":[{"start":{"line":39,"column":8},"end":{"line":45,"column":9}},{"start":{"line":40,"column":13},"end":{"line":45,"column":9}}],"line":39},"4":{"loc":{"start":{"line":49,"column":8},"end":{"line":52,"column":9}},"type":"if","locations":[{"start":{"line":49,"column":8},"end":{"line":52,"column":9}},{"start":{},"end":{}}],"line":49},"5":{"loc":{"start":{"line":51,"column":10},"end":{"line":51,"column":47}},"type":"if","locations":[{"start":{"line":51,"column":10},"end":{"line":51,"column":47}},{"start":{},"end":{}}],"line":51}},"s":{"0":22,"1":1,"2":21,"3":126,"4":126,"5":126,"6":21,"7":21,"8":21,"9":21,"10":21,"11":21,"12":21,"13":21,"14":56,"15":21,"16":1,"17":20,"18":20,"19":20,"20":20,"21":20,"22":2,"23":1,"24":1,"25":1,"26":1,"27":1,"28":3,"29":2,"30":2,"31":1},"f":{"0":22,"1":126,"2":56,"3":2,"4":3},"b":{"0":[1,21],"1":[22,21],"2":[1,20],"3":[1,1],"4":[2,1],"5":[1,1]},"_coverageSchema":"1a1c01bbd47fc00a2c39e90264f33305004495a9","hash":"caff41abec48855444d3d8f1cf7bb7740ad05e32"}
}
