TN:
SF:src\js\app.js
FNF:0
FNH:0
DA:25,1
DA:26,1
DA:27,1
DA:28,1
DA:29,1
DA:30,1
DA:32,1
DA:33,1
LF:8
LH:8
BRF:0
BRH:0
end_of_record
TN:
SF:src\js\basic.js
FN:6,(anonymous_0)
FN:11,(anonymous_1)
FN:26,(anonymous_2)
FN:38,(anonymous_3)
FN:48,(anonymous_4)
FNF:5
FNH:5
FNDA:22,(anonymous_0)
FNDA:126,(anonymous_1)
FNDA:56,(anonymous_2)
FNDA:2,(anonymous_3)
FNDA:3,(anonymous_4)
DA:7,22
DA:8,21
DA:12,126
DA:13,126
DA:14,126
DA:18,21
DA:19,21
DA:20,21
DA:21,21
DA:22,21
DA:23,21
DA:24,21
DA:26,56
DA:27,21
DA:29,20
DA:30,20
DA:31,20
DA:34,20
DA:35,20
DA:39,2
DA:41,1
DA:42,1
DA:43,1
DA:44,1
DA:49,3
DA:50,2
DA:51,2
LF:27
LH:27
BRDA:7,0,0,1
BRDA:7,0,1,21
BRDA:7,1,0,22
BRDA:7,1,1,21
BRDA:27,2,0,1
BRDA:27,2,1,20
BRDA:39,3,0,1
BRDA:39,3,1,1
BRDA:49,4,0,2
BRDA:49,4,1,1
BRDA:51,5,0,1
BRDA:51,5,1,1
BRF:12
BRH:12
end_of_record
