TN:
SF:src\js\Bowerman.js
FN:4,(anonymous_0)
FNF:1
FNH:1
FNDA:3,(anonymous_0)
DA:5,3
DA:6,1
DA:7,1
LF:3
LH:3
BRDA:4,0,0,2
BRDA:4,1,0,3
BRDA:4,2,0,3
BRF:3
BRH:3
end_of_record
TN:
SF:src\js\Daemon.js
FN:4,(anonymous_0)
FNF:1
FNH:1
FNDA:3,(anonymous_0)
DA:5,3
DA:6,1
DA:7,1
LF:3
LH:3
BRDA:4,0,0,2
BRDA:4,1,0,3
BRDA:4,2,0,3
BRF:3
BRH:3
end_of_record
TN:
SF:src\js\Magician.js
FN:4,(anonymous_0)
FNF:1
FNH:1
FNDA:3,(anonymous_0)
DA:5,3
DA:6,1
DA:7,1
LF:3
LH:3
BRDA:4,0,0,2
BRDA:4,1,0,3
BRDA:4,2,0,3
BRF:3
BRH:3
end_of_record
TN:
SF:src\js\Swordsman.js
FN:4,(anonymous_0)
FNF:1
FNH:1
FNDA:3,(anonymous_0)
DA:5,3
DA:6,1
DA:7,1
LF:3
LH:3
BRDA:4,0,0,2
BRDA:4,1,0,3
BRDA:4,2,0,3
BRF:3
BRH:3
end_of_record
TN:
SF:src\js\Undead.js
FN:4,(anonymous_0)
FNF:1
FNH:1
FNDA:3,(anonymous_0)
DA:5,3
DA:6,1
DA:7,1
LF:3
LH:3
BRDA:4,0,0,2
BRDA:4,1,0,3
BRDA:4,2,0,3
BRF:3
BRH:3
end_of_record
TN:
SF:src\js\Zombie.js
FN:4,(anonymous_0)
FNF:1
FNH:1
FNDA:3,(anonymous_0)
DA:5,3
DA:6,1
DA:7,1
LF:3
LH:3
BRDA:4,0,0,2
BRDA:4,1,0,3
BRDA:4,2,0,3
BRF:3
BRH:3
end_of_record
TN:
SF:src\js\character.js
FN:2,(anonymous_0)
FN:22,(anonymous_1)
FN:32,(anonymous_2)
FNF:3
FNH:3
FNDA:25,(anonymous_0)
FNDA:2,(anonymous_1)
FNDA:2,(anonymous_2)
DA:3,25
DA:5,25
DA:6,7
DA:8,18
DA:11,18
DA:12,7
DA:14,11
DA:15,11
DA:16,11
DA:17,11
DA:18,11
DA:23,2
DA:25,1
DA:26,1
DA:27,1
DA:28,1
DA:33,2
DA:34,2
DA:35,2
LF:19
LH:19
BRDA:2,0,0,25
BRDA:2,1,0,25
BRDA:5,2,0,7
BRDA:5,2,1,18
BRDA:5,3,0,25
BRDA:5,3,1,25
BRDA:11,4,0,7
BRDA:11,4,1,11
BRDA:23,5,0,1
BRDA:23,5,1,1
BRDA:33,6,0,2
BRDA:33,6,1,0
BRDA:35,7,0,1
BRDA:35,7,1,1
BRF:14
BRH:13
end_of_record
